Flutter crash report.
Please report a bug at https://github.com/flutter/flutter/issues.

## command

flutter --quiet assemble --no-version-check --depfile C:\BuildTemp\sports-rostering\app\intermediates\flutter\release/flutter_build.d --output C:\BuildTemp\sports-rostering\app\intermediates\flutter\release -dTargetFile=lib\main.dart -dTargetPlatform=android -dBuildMode=release -dTrackWidgetCreation=true -dTreeShakeIcons=true --DartDefines=R09PR0xFX1BMQUNFU19BUElfS0VZPUFJemFTeUFZNTkwa1NZaGhLS3p1NlZWbHNBMHhPX1ZjcGRORTNEUQ==,RkxVVFRFUl9WRVJTSU9OPTMuNDEuNQ==,RkxVVFRFUl9DSEFOTkVMPXN0YWJsZQ==,RkxVVFRFUl9HSVRfVVJMPWh0dHBzOi8vZ2l0aHViLmNvbS9mbHV0dGVyL2ZsdXR0ZXIuZ2l0,RkxVVFRFUl9GUkFNRVdPUktfUkVWSVNJT049MmM5ZWIyMDczOQ==,RkxVVFRFUl9FTkdJTkVfUkVWSVNJT049MDUyZjMxZDExNQ==,RkxVVFRFUl9EQVJUX1ZFUlNJT049My4xMS4z -dFlavor= -dAndroidArchs=android-arm android-arm64 android-x64 -dMinSdkVersion=24 android_aot_bundle_release_android-arm android_aot_bundle_release_android-arm64 android_aot_bundle_release_android-x64

## exception

FileSystemException: FileSystemException: readInto failed, path = 'C:\Users\johnh\OneDrive\Projects\sports-rostering\.dart_tool\flutter_build\74ddaf9ee204df20808b10a9fcfe5195\android_aot_release_android-arm64.stamp' (OS Error: The cloud operation was unsuccessful, errno = 389)

```
#0      _RandomAccessFile.readIntoSync (dart:io/file_impl.dart:930:7)
#1      _File.readAsBytesSync (dart:io/file_impl.dart:679:35)
#2      _File.readAsStringSync (dart:io/file_impl.dart:715:18)
#3      ForwardingFile.readAsStringSync (package:file/src/forwarding/forwarding_file.dart:99:16)
#4      ErrorHandlingFile.readAsStringSync.<anonymous closure> (package:flutter_tools/src/base/error_handling_io.dart:212:22)
#5      _runSync (package:flutter_tools/src/base/error_handling_io.dart:552:14)
#6      ErrorHandlingFile.readAsStringSync (package:flutter_tools/src/base/error_handling_io.dart:211:12)
#7      new Node (package:flutter_tools/src/build_system/build_system.dart:1082:36)
#8      Target._toNode (package:flutter_tools/src/build_system/build_system.dart:172:12)
#9      Target._toNode (package:flutter_tools/src/build_system/build_system.dart:176:63)
#10     Target._toNode (package:flutter_tools/src/build_system/build_system.dart:176:63)
#11     FlutterBuildSystem.build (package:flutter_tools/src/build_system/build_system.dart:672:30)
#12     AssembleCommand.runCommand (package:flutter_tools/src/commands/assemble.dart:365:51)
#13     FlutterCommand.verifyThenRunCommand (package:flutter_tools/src/runner/flutter_command.dart:1938:12)
<asynchronous suspension>
#14     FlutterCommand.run.<anonymous closure> (package:flutter_tools/src/runner/flutter_command.dart:1590:27)
<asynchronous suspension>
#15     AppContext.run.<anonymous closure> (package:flutter_tools/src/base/context.dart:154:19)
<asynchronous suspension>
#16     CommandRunner.runCommand (package:args/command_runner.dart:212:13)
<asynchronous suspension>
#17     FlutterCommandRunner.runCommand.<anonymous closure> (package:flutter_tools/src/runner/flutter_command_runner.dart:496:9)
<asynchronous suspension>
#18     AppContext.run.<anonymous closure> (package:flutter_tools/src/base/context.dart:154:19)
<asynchronous suspension>
#19     FlutterCommandRunner.runCommand (package:flutter_tools/src/runner/flutter_command_runner.dart:431:5)
<asynchronous suspension>
#20     FlutterCommandRunner.run.<anonymous closure> (package:flutter_tools/src/runner/flutter_command_runner.dart:307:33)
<asynchronous suspension>
#21     run.<anonymous closure>.<anonymous closure> (package:flutter_tools/runner.dart:104:11)
<asynchronous suspension>
#22     AppContext.run.<anonymous closure> (package:flutter_tools/src/base/context.dart:154:19)
<asynchronous suspension>
#23     main (package:flutter_tools/executable.dart:103:3)
<asynchronous suspension>
```

## flutter doctor

```
[✓] Flutter (Channel stable, 3.41.5, on Microsoft Windows [Version 10.0.26200.8039], locale en-CA) [1,184ms]
    • Flutter version 3.41.5 on channel stable at C:\Users\johnh\dev\flutter
    • Upstream repository https://github.com/flutter/flutter.git
    • Framework revision 2c9eb20739 (10 days ago), 2026-03-17 16:14:01 -0700
    • Engine revision 052f31d115
    • Dart version 3.11.3
    • DevTools version 2.54.2
    • Feature flags: enable-web, enable-linux-desktop, enable-macos-desktop, enable-windows-desktop, enable-android, enable-ios, cli-animations, enable-native-assets, omit-legacy-version-file, enable-lldb-debugging, enable-uiscene-migration

[✓] Windows Version (11 Home 64-bit, 25H2, 2009) [14.1s]

[✓] Android toolchain - develop for Android devices (Android SDK version 36.0.0) [10.6s]
    • Android SDK at C:\Users\johnh\AppData\Local\Android\sdk
    • Emulator version 36.1.9.0 (build_id 13823996) (CL:N/A)
    • Platform android-36, build-tools 36.0.0
    • Java binary at: C:\Program Files\Android\Android Studio\jbr\bin\java
      This is the JDK bundled with the latest Android Studio installation on this machine.
      To manually set the JDK path, use: `flutter config --jdk-dir="path/to/jdk"`.
    • Java version OpenJDK Runtime Environment (build 21.0.6+-13391695-b895.109)
    • All Android licenses accepted.

[✓] Chrome - develop for the web [471ms]
    • Chrome at C:\Program Files\Google\Chrome\Application\chrome.exe

[✓] Visual Studio - develop Windows apps (Visual Studio Community 2022 17.14.28) [466ms]
    • Visual Studio at C:\Program Files\Microsoft Visual Studio\2022\Community
    • Visual Studio Community 2022 version 17.14.37027.9
    • Windows 10 SDK version 10.0.26100.0

[✓] Connected device (3 available) [1,078ms]
    • Windows (desktop) • windows • windows-x64    • Microsoft Windows [Version 10.0.26200.8039]
    • Chrome (web)      • chrome  • web-javascript • Google Chrome 146.0.7680.154
    • Edge (web)        • edge    • web-javascript • Microsoft Edge 146.0.3856.72

[✓] Network resources [925ms]
    • All expected network resources are available.

• No issues found!
```
